{
  "RSpec": {
    "coverage": {
      "/Users/marianaandrade/turing/mod3/projects/sweater_weather_2003/config/environment.rb": {
        "lines": [
          null,
          1,
          null,
          null,
          1
        ]
      },
      "/Users/marianaandrade/turing/mod3/projects/sweater_weather_2003/config/application.rb": {
        "lines": [
          1,
          null,
          1,
          null,
          1,
          1,
          1,
          1,
          1,
          1,
          1,
          1,
          null,
          null,
          null,
          null,
          null,
          1,
          null,
          1,
          1,
          null,
          1,
          null,
          null,
          null,
          null,
          null,
          null,
          null,
          null,
          null,
          1,
          null,
          null
        ]
      },
      "/Users/marianaandrade/turing/mod3/projects/sweater_weather_2003/config/boot.rb": {
        "lines": [
          1,
          null,
          1,
          1
        ]
      },
      "/Users/marianaandrade/turing/mod3/projects/sweater_weather_2003/config/environments/test.rb": {
        "lines": [
          1,
          null,
          null,
          null,
          null,
          null,
          null,
          1,
          null,
          null,
          null,
          null,
          1,
          null,
          null,
          1,
          1,
          null,
          null,
          null,
          null,
          1,
          1,
          null,
          null,
          1,
          null,
          null,
          1,
          null,
          null,
          1,
          null,
          1,
          null,
          null,
          null,
          null,
          1,
          null,
          null,
          1,
          null,
          null,
          null,
          null
        ]
      },
      "/Users/marianaandrade/turing/mod3/projects/sweater_weather_2003/config/initializers/application_controller_renderer.rb": {
        "lines": [
          null,
          null,
          null,
          null,
          null,
          null,
          null,
          null
        ]
      },
      "/Users/marianaandrade/turing/mod3/projects/sweater_weather_2003/config/initializers/backtrace_silencers.rb": {
        "lines": [
          null,
          null,
          null,
          null,
          null,
          null,
          null
        ]
      },
      "/Users/marianaandrade/turing/mod3/projects/sweater_weather_2003/config/initializers/cors.rb": {
        "lines": [
          null,
          null,
          null,
          null,
          null,
          null,
          null,
          null,
          null,
          null,
          null,
          null,
          null,
          null,
          null,
          null
        ]
      },
      "/Users/marianaandrade/turing/mod3/projects/sweater_weather_2003/config/initializers/filter_parameter_logging.rb": {
        "lines": [
          null,
          null,
          null,
          1
        ]
      },
      "/Users/marianaandrade/turing/mod3/projects/sweater_weather_2003/config/initializers/inflections.rb": {
        "lines": [
          null,
          null,
          null,
          null,
          null,
          null,
          null,
          null,
          null,
          null,
          null,
          null,
          null,
          null,
          null,
          null
        ]
      },
      "/Users/marianaandrade/turing/mod3/projects/sweater_weather_2003/config/initializers/mime_types.rb": {
        "lines": [
          null,
          null,
          null,
          null
        ]
      },
      "/Users/marianaandrade/turing/mod3/projects/sweater_weather_2003/config/initializers/wrap_parameters.rb": {
        "lines": [
          null,
          null,
          null,
          null,
          null,
          null,
          1,
          2,
          null,
          null,
          null,
          null,
          null,
          null
        ]
      },
      "/Users/marianaandrade/turing/mod3/projects/sweater_weather_2003/config/routes.rb": {
        "lines": [
          1,
          null,
          1,
          1,
          1,
          1,
          1,
          1,
          1,
          1,
          null,
          null,
          null
        ]
      },
      "/Users/marianaandrade/turing/mod3/projects/sweater_weather_2003/app/poros/location_results.rb": {
        "lines": [
          1,
          1,
          8,
          null,
          8,
          8,
          8,
          8,
          8,
          8,
          null,
          null,
          null,
          null,
          null,
          null
        ]
      },
      "/Users/marianaandrade/turing/mod3/projects/sweater_weather_2003/app/services/geocoding_service.rb": {
        "lines": [
          1,
          1,
          9,
          9,
          null,
          9,
          null,
          null,
          1,
          3,
          3,
          3,
          null,
          3,
          null,
          null,
          1,
          3,
          3,
          null,
          null,
          null,
          null,
          1,
          1,
          12,
          12,
          null,
          null,
          null
        ]
      },
      "/Users/marianaandrade/turing/mod3/projects/sweater_weather_2003/spec/poros/weather_results_spec.rb": {
        "lines": [
          null,
          null,
          null,
          null,
          null,
          null,
          null,
          null,
          null,
          null,
          null,
          null,
          null
        ]
      },
      "/Users/marianaandrade/turing/mod3/projects/sweater_weather_2003/spec/requests/api/v1/roadtrip_spec.rb": {
        "lines": [
          1,
          null,
          1,
          1,
          3,
          null,
          null,
          null,
          null,
          3,
          null,
          3,
          null,
          null,
          null,
          3,
          null,
          3,
          null,
          3,
          null,
          null,
          1,
          1,
          null,
          null,
          null,
          null,
          1,
          null,
          1,
          null,
          1,
          null,
          1,
          1,
          1,
          1,
          1,
          1,
          1,
          1,
          1,
          null,
          1,
          1,
          1,
          1,
          1,
          1,
          1,
          1,
          1,
          null,
          1,
          1,
          1,
          1,
          1,
          null,
          null,
          1,
          1,
          null,
          null,
          null,
          null,
          1,
          null,
          1,
          null,
          1,
          null,
          1,
          1,
          null,
          null,
          1,
          1,
          null,
          null,
          null,
          1,
          null,
          1,
          null,
          1,
          null,
          1,
          1,
          null,
          null,
          null
        ]
      },
      "/Users/marianaandrade/turing/mod3/projects/sweater_weather_2003/spec/requests/api/v1/users/login_spec.rb": {
        "lines": [
          1,
          null,
          1,
          1,
          1,
          null,
          null,
          null,
          null,
          1,
          null,
          1,
          null,
          1,
          null,
          null,
          null,
          1,
          null,
          1,
          null,
          1,
          null,
          1,
          1,
          1,
          1,
          1,
          1,
          null,
          1,
          1,
          1,
          1,
          1,
          1,
          1,
          null,
          null,
          1,
          1,
          null,
          null,
          null,
          1,
          null,
          1,
          null,
          1,
          null,
          1,
          null,
          null,
          1,
          1,
          null,
          null,
          null,
          1,
          null,
          1,
          null,
          null
        ]
      },
      "/Users/marianaandrade/turing/mod3/projects/sweater_weather_2003/spec/requests/api/v1/users/registration_spec.rb": {
        "lines": [
          1,
          null,
          1,
          1,
          1,
          null,
          null,
          null,
          null,
          1,
          null,
          1,
          null,
          1,
          null,
          1,
          1,
          1,
          1,
          1,
          null,
          1,
          1,
          1,
          1,
          1,
          1,
          null,
          1,
          1,
          null,
          null,
          null,
          null,
          1,
          null,
          1,
          null,
          1,
          null,
          null,
          null,
          null,
          1,
          null,
          1,
          null,
          1,
          null,
          1,
          null,
          null,
          1,
          1,
          null,
          null,
          null,
          null,
          1,
          null,
          1,
          null,
          1,
          null,
          1,
          null,
          null,
          1,
          1,
          null,
          null,
          null,
          null,
          1,
          null,
          1,
          null,
          1,
          null,
          1,
          null,
          null
        ]
      },
      "/Users/marianaandrade/turing/mod3/projects/sweater_weather_2003/spec/requests/api/v1/weather_spec.rb": {
        "lines": [
          1,
          null,
          1,
          1,
          1,
          1,
          null,
          1,
          null,
          1,
          null,
          1,
          1,
          1,
          1,
          1,
          null,
          null,
          1,
          1,
          null,
          1,
          null,
          1,
          null,
          1,
          1,
          1,
          1,
          1,
          1,
          null,
          null,
          1,
          1,
          null,
          1,
          null,
          1,
          null,
          1,
          8,
          8,
          8,
          null,
          8,
          8,
          8,
          null,
          null,
          null,
          null,
          1,
          1,
          null,
          1,
          null,
          1,
          null,
          1,
          7,
          7,
          7,
          7,
          7,
          null,
          7,
          7,
          7,
          7,
          7,
          null,
          null,
          null,
          1,
          1,
          1,
          null,
          1,
          null,
          1,
          null,
          1,
          null,
          null,
          null
        ]
      },
      "/Users/marianaandrade/turing/mod3/projects/sweater_weather_2003/spec/services/geocoding_api_spec.rb": {
        "lines": [
          1,
          null,
          1,
          1,
          1,
          1,
          1,
          null,
          1,
          1,
          null,
          null
        ]
      },
      "/Users/marianaandrade/turing/mod3/projects/sweater_weather_2003/spec/services/weather_api_spec.rb": {
        "lines": [
          1,
          null,
          1,
          1,
          1,
          null,
          1,
          1,
          null,
          1,
          null,
          1,
          1,
          1,
          1,
          1,
          1,
          1,
          1,
          null,
          null
        ]
      },
      "/Users/marianaandrade/turing/mod3/projects/sweater_weather_2003/spec/services/yelp_api_spec.rb": {
        "lines": [
          1,
          null,
          1,
          1,
          1,
          null,
          1,
          1,
          1,
          null,
          1,
          null,
          null,
          1,
          1,
          1,
          1,
          null,
          null
        ]
      },
      "/Users/marianaandrade/turing/mod3/projects/sweater_weather_2003/app/controllers/api/v1/users_controller.rb": {
        "lines": [
          1,
          null,
          1,
          null,
          9,
          9,
          6,
          null,
          3,
          null,
          null,
          null,
          1,
          null,
          1,
          9,
          null,
          null
        ]
      },
      "/Users/marianaandrade/turing/mod3/projects/sweater_weather_2003/app/controllers/application_controller.rb": {
        "lines": [
          1,
          null
        ]
      },
      "/Users/marianaandrade/turing/mod3/projects/sweater_weather_2003/app/models/user.rb": {
        "lines": [
          1,
          1,
          null,
          1,
          1,
          1,
          1,
          null,
          1,
          null,
          1,
          6,
          null,
          null,
          1,
          6,
          6,
          6,
          null,
          null,
          null
        ]
      },
      "/Users/marianaandrade/turing/mod3/projects/sweater_weather_2003/app/models/application_record.rb": {
        "lines": [
          1,
          1,
          null
        ]
      },
      "/Users/marianaandrade/turing/mod3/projects/sweater_weather_2003/app/serializers/users_serializer.rb": {
        "lines": [
          1,
          1,
          1,
          null
        ]
      },
      "/Users/marianaandrade/turing/mod3/projects/sweater_weather_2003/app/controllers/api/v1/sessions_controller.rb": {
        "lines": [
          1,
          1,
          6,
          6,
          4,
          4,
          null,
          2,
          null,
          null,
          null
        ]
      },
      "/Users/marianaandrade/turing/mod3/projects/sweater_weather_2003/app/controllers/api/v1/road_trip_controller.rb": {
        "lines": [
          1,
          1,
          3,
          3,
          1,
          2,
          1,
          null,
          1,
          null,
          null,
          null,
          1,
          1,
          1,
          null,
          null
        ]
      },
      "/Users/marianaandrade/turing/mod3/projects/sweater_weather_2003/app/serializers/road_trip_serializer.rb": {
        "lines": [
          1,
          1,
          1,
          null
        ]
      },
      "/Users/marianaandrade/turing/mod3/projects/sweater_weather_2003/app/facades/road_trip_facade.rb": {
        "lines": [
          1,
          1,
          null,
          null,
          null,
          1,
          1,
          1,
          1,
          null,
          null,
          1,
          1,
          2,
          null,
          1,
          null,
          null,
          null,
          null,
          1,
          1,
          null,
          null,
          null,
          null,
          1,
          null,
          1,
          1,
          1,
          null,
          null,
          1,
          3,
          3,
          3,
          3,
          null,
          null,
          1,
          3,
          null,
          null,
          1,
          null,
          2,
          2,
          null,
          null
        ]
      },
      "/Users/marianaandrade/turing/mod3/projects/sweater_weather_2003/app/serializers/forecast_serializer.rb": {
        "lines": [
          1,
          1,
          1,
          null,
          null,
          null,
          null,
          null,
          null,
          null,
          null,
          null,
          null,
          null,
          null,
          1,
          null
        ]
      },
      "/Users/marianaandrade/turing/mod3/projects/sweater_weather_2003/app/services/weather_service.rb": {
        "lines": [
          1,
          null,
          1,
          8,
          8,
          8,
          8,
          8,
          null,
          8,
          null,
          null,
          1,
          7,
          7,
          null,
          1,
          null,
          1,
          8,
          8,
          null,
          null,
          null,
          null
        ]
      },
      "/Users/marianaandrade/turing/mod3/projects/sweater_weather_2003/app/facades/forecast_facade.rb": {
        "lines": [
          1,
          1,
          null,
          null,
          1,
          7,
          null,
          null,
          1,
          5,
          null,
          null,
          1,
          92,
          null,
          null,
          1,
          5,
          null,
          null,
          1,
          5,
          null,
          null,
          1,
          5,
          null,
          null,
          1,
          5,
          null,
          null,
          1,
          5,
          null,
          null,
          1,
          5,
          null,
          null,
          1,
          5,
          null,
          null,
          1,
          5,
          null,
          null,
          1,
          5,
          null,
          null,
          1,
          5,
          null,
          null,
          1,
          5,
          null,
          null,
          1,
          5,
          null,
          null,
          1,
          5,
          null,
          null,
          1,
          null,
          1,
          15,
          10,
          5,
          5,
          null,
          null,
          null,
          1,
          5,
          5,
          40,
          null,
          null,
          null,
          null,
          null,
          5,
          null,
          null,
          1,
          5,
          5,
          35,
          null,
          null,
          35,
          null,
          null,
          null,
          null,
          5,
          null,
          null
        ]
      },
      "/Users/marianaandrade/turing/mod3/projects/sweater_weather_2003/app/controllers/api/v1/forecast_controller.rb": {
        "lines": [
          1,
          1,
          4,
          4,
          4,
          4,
          null,
          4,
          null,
          null
        ]
      },
      "/Users/marianaandrade/turing/mod3/projects/sweater_weather_2003/app/poros/weather_results.rb": {
        "lines": [
          1,
          1,
          4,
          null,
          null,
          null,
          null,
          null,
          null,
          null
        ]
      },
      "/Users/marianaandrade/turing/mod3/projects/sweater_weather_2003/app/controllers/api/v1/backgrounds_controller.rb": {
        "lines": [
          1,
          1,
          1,
          null,
          null,
          1,
          null,
          1,
          1,
          1,
          null,
          null
        ]
      },
      "/Users/marianaandrade/turing/mod3/projects/sweater_weather_2003/app/serializers/background_image_serializer.rb": {
        "lines": [
          1,
          1,
          1,
          1,
          null
        ]
      },
      "/Users/marianaandrade/turing/mod3/projects/sweater_weather_2003/app/services/unsplash_service.rb": {
        "lines": [
          1,
          1,
          1,
          1,
          1,
          null,
          1,
          null,
          null,
          1,
          1,
          1,
          null,
          null,
          1,
          1,
          1,
          1,
          null,
          null,
          null
        ]
      },
      "/Users/marianaandrade/turing/mod3/projects/sweater_weather_2003/app/poros/background_image_results.rb": {
        "lines": [
          1,
          1,
          null,
          1,
          1,
          null,
          null,
          1,
          1,
          null,
          null
        ]
      },
      "/Users/marianaandrade/turing/mod3/projects/sweater_weather_2003/app/services/yelp_service.rb": {
        "lines": [
          1,
          null,
          1,
          null,
          1,
          1,
          1,
          1,
          1,
          null,
          null,
          1,
          null,
          null,
          null,
          null,
          null,
          null,
          null,
          1,
          1,
          1,
          1,
          null,
          null,
          null
        ]
      }
    },
    "timestamp": 1597514706
  }
}
